{"C:\\Users\\haide\\Downloads\\wohi2-course-project-main\\wohi2-course-project\\src\\app.js": {"path":"C:\\Users\\haide\\Downloads\\wohi2-course-project-main\\wohi2-course-project\\src\\app.js","statementMap":{"0":{"start":{"line":1,"column":13},"end":{"line":1,"column":28}},"1":{"start":{"line":2,"column":16},"end":{"line":2,"column":34}},"2":{"start":{"line":3,"column":17},"end":{"line":3,"column":37}},"3":{"start":{"line":5,"column":15},"end":{"line":5,"column":38}},"4":{"start":{"line":7,"column":24},"end":{"line":7,"column":53}},"5":{"start":{"line":8,"column":19},"end":{"line":8,"column":43}},"6":{"start":{"line":9,"column":21},"end":{"line":9,"column":57}},"7":{"start":{"line":11,"column":12},"end":{"line":11,"column":21}},"8":{"start":{"line":13,"column":0},"end":{"line":20,"column":2}},"9":{"start":{"line":17,"column":23},"end":{"line":17,"column":53}},"10":{"start":{"line":22,"column":0},"end":{"line":22,"column":24}},"11":{"start":{"line":23,"column":0},"end":{"line":23,"column":62}},"12":{"start":{"line":25,"column":0},"end":{"line":25,"column":33}},"13":{"start":{"line":26,"column":0},"end":{"line":26,"column":43}},"14":{"start":{"line":28,"column":0},"end":{"line":30,"column":3}},"15":{"start":{"line":29,"column":2},"end":{"line":29,"column":49}},"16":{"start":{"line":32,"column":0},"end":{"line":32,"column":22}},"17":{"start":{"line":34,"column":0},"end":{"line":34,"column":null}}},"fnMap":{"0":{"name":"(anonymous_0)","decl":{"start":{"line":17,"column":14},"end":{"line":17,"column":15}},"loc":{"start":{"line":17,"column":23},"end":{"line":17,"column":53}},"line":17},"1":{"name":"(anonymous_1)","decl":{"start":{"line":28,"column":8},"end":{"line":28,"column":9}},"loc":{"start":{"line":28,"column":22},"end":{"line":30,"column":1}},"line":28}},"branchMap":{},"s":{"0":3,"1":3,"2":3,"3":3,"4":3,"5":3,"6":3,"7":3,"8":3,"9":43,"10":3,"11":3,"12":3,"13":3,"14":3,"15":0,"16":3,"17":3},"f":{"0":43,"1":0},"b":{},"meta":{"lastBranch":0,"lastFunction":2,"lastStatement":18,"seen":{"s:1:13:1:28":0,"s:2:16:2:34":1,"s:3:17:3:37":2,"s:5:15:5:38":3,"s:7:24:7:53":4,"s:8:19:8:43":5,"s:9:21:9:57":6,"s:11:12:11:21":7,"s:13:0:20:2":8,"f:17:14:17:15":0,"s:17:23:17:53":9,"s:22:0:22:24":10,"s:23:0:23:62":11,"s:25:0:25:33":12,"s:26:0:26:43":13,"s:28:0:30:3":14,"f:28:8:28:9":1,"s:29:2:29:49":15,"s:32:0:32:22":16,"s:34:0:34:Infinity":17}}}
,"C:\\Users\\haide\\Downloads\\wohi2-course-project-main\\wohi2-course-project\\src\\lib\\errors.js": {"path":"C:\\Users\\haide\\Downloads\\wohi2-course-project-main\\wohi2-course-project\\src\\lib\\errors.js","statementMap":{"0":{"start":{"line":3,"column":4},"end":{"line":3,"column":19}},"1":{"start":{"line":4,"column":4},"end":{"line":4,"column":25}},"2":{"start":{"line":10,"column":4},"end":{"line":10,"column":24}},"3":{"start":{"line":16,"column":4},"end":{"line":16,"column":24}},"4":{"start":{"line":22,"column":4},"end":{"line":22,"column":24}},"5":{"start":{"line":28,"column":4},"end":{"line":28,"column":24}},"6":{"start":{"line":34,"column":4},"end":{"line":34,"column":24}},"7":{"start":{"line":38,"column":0},"end":{"line":45,"column":null}}},"fnMap":{"0":{"name":"(anonymous_0)","decl":{"start":{"line":2,"column":2},"end":{"line":2,"column":13}},"loc":{"start":{"line":2,"column":31},"end":{"line":5,"column":3}},"line":2},"1":{"name":"(anonymous_1)","decl":{"start":{"line":9,"column":2},"end":{"line":9,"column":13}},"loc":{"start":{"line":9,"column":41},"end":{"line":11,"column":3}},"line":9},"2":{"name":"(anonymous_2)","decl":{"start":{"line":15,"column":2},"end":{"line":15,"column":13}},"loc":{"start":{"line":15,"column":40},"end":{"line":17,"column":3}},"line":15},"3":{"name":"(anonymous_3)","decl":{"start":{"line":21,"column":2},"end":{"line":21,"column":13}},"loc":{"start":{"line":21,"column":37},"end":{"line":23,"column":3}},"line":21},"4":{"name":"(anonymous_4)","decl":{"start":{"line":27,"column":2},"end":{"line":27,"column":13}},"loc":{"start":{"line":27,"column":37},"end":{"line":29,"column":3}},"line":27},"5":{"name":"(anonymous_5)","decl":{"start":{"line":33,"column":2},"end":{"line":33,"column":13}},"loc":{"start":{"line":33,"column":36},"end":{"line":35,"column":3}},"line":33}},"branchMap":{"0":{"loc":{"start":{"line":9,"column":14},"end":{"line":9,"column":39}},"type":"default-arg","locations":[{"start":{"line":9,"column":24},"end":{"line":9,"column":39}}],"line":9},"1":{"loc":{"start":{"line":15,"column":14},"end":{"line":15,"column":38}},"type":"default-arg","locations":[{"start":{"line":15,"column":24},"end":{"line":15,"column":38}}],"line":15},"2":{"loc":{"start":{"line":21,"column":14},"end":{"line":21,"column":35}},"type":"default-arg","locations":[{"start":{"line":21,"column":24},"end":{"line":21,"column":35}}],"line":21},"3":{"loc":{"start":{"line":27,"column":14},"end":{"line":27,"column":35}},"type":"default-arg","locations":[{"start":{"line":27,"column":24},"end":{"line":27,"column":35}}],"line":27},"4":{"loc":{"start":{"line":33,"column":14},"end":{"line":33,"column":34}},"type":"default-arg","locations":[{"start":{"line":33,"column":24},"end":{"line":33,"column":34}}],"line":33}},"s":{"0":5,"1":5,"2":0,"3":3,"4":0,"5":1,"6":1,"7":3},"f":{"0":5,"1":0,"2":3,"3":0,"4":1,"5":1},"b":{"0":[0],"1":[3],"2":[0],"3":[1],"4":[1]},"meta":{"lastBranch":5,"lastFunction":6,"lastStatement":8,"seen":{"f:2:2:2:13":0,"s:3:4:3:19":0,"s:4:4:4:25":1,"f:9:2:9:13":1,"b:9:24:9:39":0,"s:10:4:10:24":2,"f:15:2:15:13":2,"b:15:24:15:38":1,"s:16:4:16:24":3,"f:21:2:21:13":3,"b:21:24:21:35":2,"s:22:4:22:24":4,"f:27:2:27:13":4,"b:27:24:27:35":3,"s:28:4:28:24":5,"f:33:2:33:13":5,"b:33:24:33:34":4,"s:34:4:34:24":6,"s:38:0:45:Infinity":7}}}
,"C:\\Users\\haide\\Downloads\\wohi2-course-project-main\\wohi2-course-project\\src\\lib\\logger.js": {"path":"C:\\Users\\haide\\Downloads\\wohi2-course-project-main\\wohi2-course-project\\src\\lib\\logger.js","statementMap":{"0":{"start":{"line":1,"column":13},"end":{"line":1,"column":28}},"1":{"start":{"line":3,"column":0},"end":{"line":13,"column":null}}},"fnMap":{},"branchMap":{"0":{"loc":{"start":{"line":4,"column":9},"end":{"line":4,"column":null}},"type":"binary-expr","locations":[{"start":{"line":4,"column":9},"end":{"line":4,"column":34}},{"start":{"line":4,"column":34},"end":{"line":4,"column":null}}],"line":4},"1":{"loc":{"start":{"line":9,"column":2},"end":{"line":12,"column":null}},"type":"cond-expr","locations":[{"start":{"line":11,"column":8},"end":{"line":11,"column":33}},{"start":{"line":12,"column":8},"end":{"line":12,"column":null}}],"line":9},"2":{"loc":{"start":{"line":9,"column":2},"end":{"line":10,"column":null}},"type":"binary-expr","locations":[{"start":{"line":9,"column":2},"end":{"line":10,"column":45}},{"start":{"line":10,"column":45},"end":{"line":10,"column":null}}],"line":9}},"s":{"0":3,"1":3},"f":{},"b":{"0":[3,3],"1":[3,3],"2":[3,3]},"meta":{"lastBranch":3,"lastFunction":0,"lastStatement":2,"seen":{"s:1:13:1:28":0,"s:3:0:13:Infinity":1,"b:4:9:4:34:4:34:4:Infinity":0,"b:11:8:11:33:12:8:12:Infinity":1,"b:9:2:10:45:10:45:10:Infinity":2}}}
,"C:\\Users\\haide\\Downloads\\wohi2-course-project-main\\wohi2-course-project\\src\\lib\\prisma.js": {"path":"C:\\Users\\haide\\Downloads\\wohi2-course-project-main\\wohi2-course-project\\src\\lib\\prisma.js","statementMap":{"0":{"start":{"line":1,"column":25},"end":{"line":1,"column":50}},"1":{"start":{"line":3,"column":15},"end":{"line":3,"column":33}},"2":{"start":{"line":5,"column":0},"end":{"line":5,"column":null}}},"fnMap":{},"branchMap":{},"s":{"0":3,"1":3,"2":3},"f":{},"b":{},"meta":{"lastBranch":0,"lastFunction":0,"lastStatement":3,"seen":{"s:1:25:1:50":0,"s:3:15:3:33":1,"s:5:0:5:Infinity":2}}}
,"C:\\Users\\haide\\Downloads\\wohi2-course-project-main\\wohi2-course-project\\src\\middleware\\auth.js": {"path":"C:\\Users\\haide\\Downloads\\wohi2-course-project-main\\wohi2-course-project\\src\\middleware\\auth.js","statementMap":{"0":{"start":{"line":1,"column":12},"end":{"line":1,"column":35}},"1":{"start":{"line":2,"column":46},"end":{"line":2,"column":70}},"2":{"start":{"line":5,"column":2},"end":{"line":31,"column":3}},"3":{"start":{"line":6,"column":23},"end":{"line":6,"column":48}},"4":{"start":{"line":8,"column":4},"end":{"line":10,"column":5}},"5":{"start":{"line":9,"column":6},"end":{"line":9,"column":55}},"6":{"start":{"line":12,"column":18},"end":{"line":12,"column":42}},"7":{"start":{"line":14,"column":20},"end":{"line":17,"column":5}},"8":{"start":{"line":19,"column":4},"end":{"line":22,"column":6}},"9":{"start":{"line":24,"column":4},"end":{"line":24,"column":11}},"10":{"start":{"line":26,"column":4},"end":{"line":28,"column":5}},"11":{"start":{"line":27,"column":6},"end":{"line":27,"column":25}},"12":{"start":{"line":30,"column":4},"end":{"line":30,"column":53}},"13":{"start":{"line":34,"column":0},"end":{"line":34,"column":30}}},"fnMap":{"0":{"name":"authenticate","decl":{"start":{"line":4,"column":9},"end":{"line":4,"column":21}},"loc":{"start":{"line":4,"column":38},"end":{"line":32,"column":1}},"line":4}},"branchMap":{"0":{"loc":{"start":{"line":8,"column":4},"end":{"line":10,"column":5}},"type":"if","locations":[{"start":{"line":8,"column":4},"end":{"line":10,"column":5}},{"start":{},"end":{}}],"line":8},"1":{"loc":{"start":{"line":8,"column":8},"end":{"line":8,"column":56}},"type":"binary-expr","locations":[{"start":{"line":8,"column":8},"end":{"line":8,"column":19}},{"start":{"line":8,"column":23},"end":{"line":8,"column":56}}],"line":8},"2":{"loc":{"start":{"line":16,"column":6},"end":{"line":16,"column":45}},"type":"binary-expr","locations":[{"start":{"line":16,"column":6},"end":{"line":16,"column":28}},{"start":{"line":16,"column":32},"end":{"line":16,"column":45}}],"line":16},"3":{"loc":{"start":{"line":20,"column":14},"end":{"line":20,"column":42}},"type":"binary-expr","locations":[{"start":{"line":20,"column":14},"end":{"line":20,"column":28}},{"start":{"line":20,"column":32},"end":{"line":20,"column":42}}],"line":20},"4":{"loc":{"start":{"line":26,"column":4},"end":{"line":28,"column":5}},"type":"if","locations":[{"start":{"line":26,"column":4},"end":{"line":28,"column":5}},{"start":{},"end":{}}],"line":26}},"s":{"0":3,"1":3,"2":16,"3":16,"4":16,"5":1,"6":15,"7":15,"8":16,"9":16,"10":1,"11":1,"12":0,"13":3},"f":{"0":16},"b":{"0":[1,15],"1":[16,15],"2":[15,0],"3":[16,0],"4":[1,0]},"meta":{"lastBranch":5,"lastFunction":1,"lastStatement":14,"seen":{"s:1:12:1:35":0,"s:2:46:2:70":1,"f:4:9:4:21":0,"s:5:2:31:3":2,"s:6:23:6:48":3,"b:8:4:10:5:undefined:undefined:undefined:undefined":0,"s:8:4:10:5":4,"b:8:8:8:19:8:23:8:56":1,"s:9:6:9:55":5,"s:12:18:12:42":6,"s:14:20:17:5":7,"b:16:6:16:28:16:32:16:45":2,"s:19:4:22:6":8,"b:20:14:20:28:20:32:20:42":3,"s:24:4:24:11":9,"b:26:4:28:5:undefined:undefined:undefined:undefined":4,"s:26:4:28:5":10,"s:27:6:27:25":11,"s:30:4:30:53":12,"s:34:0:34:30":13}}}
,"C:\\Users\\haide\\Downloads\\wohi2-course-project-main\\wohi2-course-project\\src\\middleware\\errorHandler.js": {"path":"C:\\Users\\haide\\Downloads\\wohi2-course-project-main\\wohi2-course-project\\src\\middleware\\errorHandler.js","statementMap":{"0":{"start":{"line":1,"column":21},"end":{"line":1,"column":35}},"1":{"start":{"line":2,"column":15},"end":{"line":2,"column":32}},"2":{"start":{"line":3,"column":12},"end":{"line":3,"column":35}},"3":{"start":{"line":4,"column":21},"end":{"line":4,"column":45}},"4":{"start":{"line":7,"column":2},"end":{"line":12,"column":3}},"5":{"start":{"line":8,"column":4},"end":{"line":11,"column":7}},"6":{"start":{"line":14,"column":2},"end":{"line":16,"column":3}},"7":{"start":{"line":15,"column":4},"end":{"line":15,"column":58}},"8":{"start":{"line":18,"column":2},"end":{"line":23,"column":3}},"9":{"start":{"line":22,"column":4},"end":{"line":22,"column":62}},"10":{"start":{"line":25,"column":2},"end":{"line":27,"column":3}},"11":{"start":{"line":26,"column":4},"end":{"line":26,"column":65}},"12":{"start":{"line":29,"column":2},"end":{"line":31,"column":3}},"13":{"start":{"line":30,"column":4},"end":{"line":30,"column":77}},"14":{"start":{"line":33,"column":2},"end":{"line":33,"column":45}},"15":{"start":{"line":35,"column":2},"end":{"line":37,"column":5}},"16":{"start":{"line":40,"column":0},"end":{"line":40,"column":null}}},"fnMap":{"0":{"name":"errorHandler","decl":{"start":{"line":6,"column":9},"end":{"line":6,"column":21}},"loc":{"start":{"line":6,"column":43},"end":{"line":38,"column":1}},"line":6}},"branchMap":{"0":{"loc":{"start":{"line":7,"column":2},"end":{"line":12,"column":3}},"type":"if","locations":[{"start":{"line":7,"column":2},"end":{"line":12,"column":3}},{"start":{},"end":{}}],"line":7},"1":{"loc":{"start":{"line":14,"column":2},"end":{"line":16,"column":3}},"type":"if","locations":[{"start":{"line":14,"column":2},"end":{"line":16,"column":3}},{"start":{},"end":{}}],"line":14},"2":{"loc":{"start":{"line":18,"column":2},"end":{"line":23,"column":3}},"type":"if","locations":[{"start":{"line":18,"column":2},"end":{"line":23,"column":3}},{"start":{},"end":{}}],"line":18},"3":{"loc":{"start":{"line":19,"column":4},"end":{"line":20,"column":40}},"type":"binary-expr","locations":[{"start":{"line":19,"column":4},"end":{"line":19,"column":40}},{"start":{"line":20,"column":4},"end":{"line":20,"column":40}}],"line":19},"4":{"loc":{"start":{"line":25,"column":2},"end":{"line":27,"column":3}},"type":"if","locations":[{"start":{"line":25,"column":2},"end":{"line":27,"column":3}},{"start":{},"end":{}}],"line":25},"5":{"loc":{"start":{"line":29,"column":2},"end":{"line":31,"column":3}},"type":"if","locations":[{"start":{"line":29,"column":2},"end":{"line":31,"column":3}},{"start":{},"end":{}}],"line":29}},"s":{"0":3,"1":3,"2":3,"3":3,"4":7,"5":2,"6":5,"7":0,"8":5,"9":0,"10":5,"11":5,"12":0,"13":0,"14":0,"15":7,"16":3},"f":{"0":7},"b":{"0":[2,5],"1":[0,5],"2":[0,5],"3":[5,5],"4":[5,0],"5":[0,0]},"meta":{"lastBranch":6,"lastFunction":1,"lastStatement":17,"seen":{"s:1:21:1:35":0,"s:2:15:2:32":1,"s:3:12:3:35":2,"s:4:21:4:45":3,"f:6:9:6:21":0,"b:7:2:12:3:undefined:undefined:undefined:undefined":0,"s:7:2:12:3":4,"s:8:4:11:7":5,"b:14:2:16:3:undefined:undefined:undefined:undefined":1,"s:14:2:16:3":6,"s:15:4:15:58":7,"b:18:2:23:3:undefined:undefined:undefined:undefined":2,"s:18:2:23:3":8,"b:19:4:19:40:20:4:20:40":3,"s:22:4:22:62":9,"b:25:2:27:3:undefined:undefined:undefined:undefined":4,"s:25:2:27:3":10,"s:26:4:26:65":11,"b:29:2:31:3:undefined:undefined:undefined:undefined":5,"s:29:2:31:3":12,"s:30:4:30:77":13,"s:33:2:33:45":14,"s:35:2:37:5":15,"s:40:0:40:Infinity":16}}}
,"C:\\Users\\haide\\Downloads\\wohi2-course-project-main\\wohi2-course-project\\src\\middleware\\isOwner.js": {"path":"C:\\Users\\haide\\Downloads\\wohi2-course-project-main\\wohi2-course-project\\src\\middleware\\isOwner.js","statementMap":{"0":{"start":{"line":1,"column":15},"end":{"line":1,"column":39}},"1":{"start":{"line":2,"column":42},"end":{"line":2,"column":66}},"2":{"start":{"line":5,"column":2},"end":{"line":24,"column":3}},"3":{"start":{"line":6,"column":16},"end":{"line":6,"column":38}},"4":{"start":{"line":8,"column":21},"end":{"line":10,"column":6}},"5":{"start":{"line":12,"column":4},"end":{"line":14,"column":5}},"6":{"start":{"line":13,"column":6},"end":{"line":13,"column":52}},"7":{"start":{"line":16,"column":4},"end":{"line":18,"column":5}},"8":{"start":{"line":17,"column":6},"end":{"line":17,"column":73}},"9":{"start":{"line":20,"column":4},"end":{"line":20,"column":28}},"10":{"start":{"line":21,"column":4},"end":{"line":21,"column":11}},"11":{"start":{"line":23,"column":4},"end":{"line":23,"column":16}},"12":{"start":{"line":27,"column":0},"end":{"line":27,"column":25}}},"fnMap":{"0":{"name":"isOwner","decl":{"start":{"line":4,"column":15},"end":{"line":4,"column":22}},"loc":{"start":{"line":4,"column":39},"end":{"line":25,"column":1}},"line":4}},"branchMap":{"0":{"loc":{"start":{"line":12,"column":4},"end":{"line":14,"column":5}},"type":"if","locations":[{"start":{"line":12,"column":4},"end":{"line":14,"column":5}},{"start":{},"end":{}}],"line":12},"1":{"loc":{"start":{"line":16,"column":4},"end":{"line":18,"column":5}},"type":"if","locations":[{"start":{"line":16,"column":4},"end":{"line":18,"column":5}},{"start":{},"end":{}}],"line":16}},"s":{"0":3,"1":3,"2":0,"3":0,"4":0,"5":0,"6":0,"7":0,"8":0,"9":0,"10":0,"11":0,"12":3},"f":{"0":0},"b":{"0":[0,0],"1":[0,0]},"meta":{"lastBranch":2,"lastFunction":1,"lastStatement":13,"seen":{"s:1:15:1:39":0,"s:2:42:2:66":1,"f:4:15:4:22":0,"s:5:2:24:3":2,"s:6:16:6:38":3,"s:8:21:10:6":4,"b:12:4:14:5:undefined:undefined:undefined:undefined":0,"s:12:4:14:5":5,"s:13:6:13:52":6,"b:16:4:18:5:undefined:undefined:undefined:undefined":1,"s:16:4:18:5":7,"s:17:6:17:73":8,"s:20:4:20:28":9,"s:21:4:21:11":10,"s:23:4:23:16":11,"s:27:0:27:25":12}}}
,"C:\\Users\\haide\\Downloads\\wohi2-course-project-main\\wohi2-course-project\\src\\routes\\auth.js": {"path":"C:\\Users\\haide\\Downloads\\wohi2-course-project-main\\wohi2-course-project\\src\\routes\\auth.js","statementMap":{"0":{"start":{"line":1,"column":16},"end":{"line":1,"column":34}},"1":{"start":{"line":2,"column":15},"end":{"line":2,"column":32}},"2":{"start":{"line":3,"column":12},"end":{"line":3,"column":35}},"3":{"start":{"line":4,"column":14},"end":{"line":4,"column":28}},"4":{"start":{"line":6,"column":15},"end":{"line":6,"column":39}},"5":{"start":{"line":11,"column":4},"end":{"line":11,"column":28}},"6":{"start":{"line":13,"column":15},"end":{"line":13,"column":31}},"7":{"start":{"line":15,"column":22},"end":{"line":19,"column":2}},"8":{"start":{"line":21,"column":19},"end":{"line":24,"column":2}},"9":{"start":{"line":27,"column":2},"end":{"line":27,"column":49}},"10":{"start":{"line":30,"column":0},"end":{"line":70,"column":3}},"11":{"start":{"line":31,"column":2},"end":{"line":69,"column":3}},"12":{"start":{"line":32,"column":17},"end":{"line":32,"column":46}},"13":{"start":{"line":34,"column":21},"end":{"line":36,"column":6}},"14":{"start":{"line":38,"column":4},"end":{"line":40,"column":5}},"15":{"start":{"line":39,"column":6},"end":{"line":39,"column":58}},"16":{"start":{"line":42,"column":27},"end":{"line":42,"column":63}},"17":{"start":{"line":44,"column":17},"end":{"line":50,"column":6}},"18":{"start":{"line":52,"column":18},"end":{"line":61,"column":5}},"19":{"start":{"line":63,"column":4},"end":{"line":66,"column":7}},"20":{"start":{"line":68,"column":4},"end":{"line":68,"column":16}},"21":{"start":{"line":72,"column":0},"end":{"line":105,"column":3}},"22":{"start":{"line":73,"column":2},"end":{"line":104,"column":3}},"23":{"start":{"line":74,"column":17},"end":{"line":74,"column":43}},"24":{"start":{"line":76,"column":17},"end":{"line":78,"column":6}},"25":{"start":{"line":80,"column":4},"end":{"line":82,"column":5}},"26":{"start":{"line":81,"column":6},"end":{"line":81,"column":57}},"27":{"start":{"line":84,"column":15},"end":{"line":84,"column":65}},"28":{"start":{"line":86,"column":4},"end":{"line":88,"column":5}},"29":{"start":{"line":87,"column":6},"end":{"line":87,"column":57}},"30":{"start":{"line":90,"column":18},"end":{"line":99,"column":5}},"31":{"start":{"line":101,"column":4},"end":{"line":101,"column":24}},"32":{"start":{"line":103,"column":4},"end":{"line":103,"column":16}},"33":{"start":{"line":107,"column":0},"end":{"line":107,"column":24}}},"fnMap":{"0":{"name":"getJwtSecret","decl":{"start":{"line":26,"column":9},"end":{"line":26,"column":21}},"loc":{"start":{"line":26,"column":24},"end":{"line":28,"column":1}},"line":26},"1":{"name":"(anonymous_1)","decl":{"start":{"line":30,"column":25},"end":{"line":30,"column":30}},"loc":{"start":{"line":30,"column":51},"end":{"line":70,"column":1}},"line":30},"2":{"name":"(anonymous_2)","decl":{"start":{"line":72,"column":22},"end":{"line":72,"column":27}},"loc":{"start":{"line":72,"column":48},"end":{"line":105,"column":1}},"line":72}},"branchMap":{"0":{"loc":{"start":{"line":27,"column":9},"end":{"line":27,"column":48}},"type":"binary-expr","locations":[{"start":{"line":27,"column":9},"end":{"line":27,"column":31}},{"start":{"line":27,"column":35},"end":{"line":27,"column":48}}],"line":27},"1":{"loc":{"start":{"line":38,"column":4},"end":{"line":40,"column":5}},"type":"if","locations":[{"start":{"line":38,"column":4},"end":{"line":40,"column":5}},{"start":{},"end":{}}],"line":38},"2":{"loc":{"start":{"line":80,"column":4},"end":{"line":82,"column":5}},"type":"if","locations":[{"start":{"line":80,"column":4},"end":{"line":82,"column":5}},{"start":{},"end":{}}],"line":80},"3":{"loc":{"start":{"line":86,"column":4},"end":{"line":88,"column":5}},"type":"if","locations":[{"start":{"line":86,"column":4},"end":{"line":88,"column":5}},{"start":{},"end":{}}],"line":86}},"s":{"0":3,"1":3,"2":3,"3":3,"4":3,"5":3,"6":3,"7":3,"8":3,"9":23,"10":3,"11":15,"12":15,"13":15,"14":14,"15":1,"16":13,"17":13,"18":13,"19":13,"20":2,"21":3,"22":12,"23":12,"24":12,"25":12,"26":1,"27":11,"28":11,"29":1,"30":10,"31":10,"32":2,"33":3},"f":{"0":23,"1":15,"2":12},"b":{"0":[23,0],"1":[1,13],"2":[1,11],"3":[1,10]},"meta":{"lastBranch":4,"lastFunction":3,"lastStatement":34,"seen":{"s:1:16:1:34":0,"s:2:15:2:32":1,"s:3:12:3:35":2,"s:4:14:4:28":3,"s:6:15:6:39":4,"s:11:4:11:28":5,"s:13:15:13:31":6,"s:15:22:19:2":7,"s:21:19:24:2":8,"f:26:9:26:21":0,"s:27:2:27:49":9,"b:27:9:27:31:27:35:27:48":0,"s:30:0:70:3":10,"f:30:25:30:30":1,"s:31:2:69:3":11,"s:32:17:32:46":12,"s:34:21:36:6":13,"b:38:4:40:5:undefined:undefined:undefined:undefined":1,"s:38:4:40:5":14,"s:39:6:39:58":15,"s:42:27:42:63":16,"s:44:17:50:6":17,"s:52:18:61:5":18,"s:63:4:66:7":19,"s:68:4:68:16":20,"s:72:0:105:3":21,"f:72:22:72:27":2,"s:73:2:104:3":22,"s:74:17:74:43":23,"s:76:17:78:6":24,"b:80:4:82:5:undefined:undefined:undefined:undefined":2,"s:80:4:82:5":25,"s:81:6:81:57":26,"s:84:15:84:65":27,"b:86:4:88:5:undefined:undefined:undefined:undefined":3,"s:86:4:88:5":28,"s:87:6:87:57":29,"s:90:18:99:5":30,"s:101:4:101:24":31,"s:103:4:103:16":32,"s:107:0:107:24":33}}}
,"C:\\Users\\haide\\Downloads\\wohi2-course-project-main\\wohi2-course-project\\src\\routes\\questions.js": {"path":"C:\\Users\\haide\\Downloads\\wohi2-course-project-main\\wohi2-course-project\\src\\routes\\questions.js","statementMap":{"0":{"start":{"line":1,"column":21},"end":{"line":1,"column":50}},"1":{"start":{"line":2,"column":16},"end":{"line":2,"column":48}},"2":{"start":{"line":4,"column":16},"end":{"line":4,"column":34}},"3":{"start":{"line":5,"column":15},"end":{"line":5,"column":32}},"4":{"start":{"line":6,"column":13},"end":{"line":6,"column":28}},"5":{"start":{"line":7,"column":14},"end":{"line":7,"column":28}},"6":{"start":{"line":9,"column":15},"end":{"line":9,"column":31}},"7":{"start":{"line":10,"column":15},"end":{"line":10,"column":39}},"8":{"start":{"line":15,"column":4},"end":{"line":15,"column":28}},"9":{"start":{"line":17,"column":0},"end":{"line":17,"column":25}},"10":{"start":{"line":19,"column":22},"end":{"line":23,"column":2}},"11":{"start":{"line":25,"column":18},"end":{"line":27,"column":2}},"12":{"start":{"line":29,"column":16},"end":{"line":35,"column":2}},"13":{"start":{"line":32,"column":16},"end":{"line":32,"column":47}},"14":{"start":{"line":33,"column":4},"end":{"line":33,"column":78}},"15":{"start":{"line":37,"column":15},"end":{"line":49,"column":2}},"16":{"start":{"line":40,"column":4},"end":{"line":44,"column":5}},"17":{"start":{"line":41,"column":6},"end":{"line":41,"column":21}},"18":{"start":{"line":43,"column":6},"end":{"line":43,"column":62}},"19":{"start":{"line":52,"column":2},"end":{"line":52,"column":47}},"20":{"start":{"line":52,"column":31},"end":{"line":52,"column":47}},"21":{"start":{"line":54,"column":2},"end":{"line":59,"column":3}},"22":{"start":{"line":55,"column":4},"end":{"line":58,"column":23}},"23":{"start":{"line":57,"column":18},"end":{"line":57,"column":26}},"24":{"start":{"line":61,"column":2},"end":{"line":61,"column":12}},"25":{"start":{"line":65,"column":2},"end":{"line":74,"column":4}},"26":{"start":{"line":67,"column":43},"end":{"line":67,"column":49}},"27":{"start":{"line":78,"column":0},"end":{"line":136,"column":3}},"28":{"start":{"line":79,"column":2},"end":{"line":135,"column":3}},"29":{"start":{"line":80,"column":24},"end":{"line":80,"column":33}},"30":{"start":{"line":82,"column":17},"end":{"line":82,"column":59}},"31":{"start":{"line":83,"column":18},"end":{"line":83,"column":76}},"32":{"start":{"line":84,"column":17},"end":{"line":84,"column":35}},"33":{"start":{"line":86,"column":18},"end":{"line":94,"column":10}},"34":{"start":{"line":96,"column":31},"end":{"line":124,"column":6}},"35":{"start":{"line":126,"column":4},"end":{"line":132,"column":7}},"36":{"start":{"line":134,"column":4},"end":{"line":134,"column":16}},"37":{"start":{"line":139,"column":0},"end":{"line":178,"column":3}},"38":{"start":{"line":140,"column":2},"end":{"line":177,"column":3}},"39":{"start":{"line":141,"column":16},"end":{"line":141,"column":38}},"40":{"start":{"line":142,"column":17},"end":{"line":142,"column":42}},"41":{"start":{"line":144,"column":21},"end":{"line":148,"column":6}},"42":{"start":{"line":150,"column":4},"end":{"line":153,"column":5}},"43":{"start":{"line":151,"column":6},"end":{"line":151,"column":71}},"44":{"start":{"line":152,"column":6},"end":{"line":152,"column":52}},"45":{"start":{"line":156,"column":6},"end":{"line":156,"column":79}},"46":{"start":{"line":158,"column":20},"end":{"line":166,"column":6}},"47":{"start":{"line":168,"column":4},"end":{"line":174,"column":7}},"48":{"start":{"line":176,"column":4},"end":{"line":176,"column":16}},"49":{"start":{"line":181,"column":0},"end":{"line":215,"column":3}},"50":{"start":{"line":182,"column":2},"end":{"line":214,"column":3}},"51":{"start":{"line":183,"column":16},"end":{"line":183,"column":38}},"52":{"start":{"line":185,"column":21},"end":{"line":204,"column":6}},"53":{"start":{"line":206,"column":4},"end":{"line":209,"column":5}},"54":{"start":{"line":207,"column":6},"end":{"line":207,"column":73}},"55":{"start":{"line":208,"column":6},"end":{"line":208,"column":52}},"56":{"start":{"line":211,"column":4},"end":{"line":211,"column":39}},"57":{"start":{"line":213,"column":4},"end":{"line":213,"column":16}},"58":{"start":{"line":218,"column":0},"end":{"line":258,"column":3}},"59":{"start":{"line":219,"column":2},"end":{"line":257,"column":3}},"60":{"start":{"line":220,"column":17},"end":{"line":220,"column":46}},"61":{"start":{"line":221,"column":26},"end":{"line":221,"column":54}},"62":{"start":{"line":223,"column":21},"end":{"line":223,"column":70}},"63":{"start":{"line":225,"column":24},"end":{"line":252,"column":6}},"64":{"start":{"line":232,"column":54},"end":{"line":239,"column":11}},"65":{"start":{"line":254,"column":4},"end":{"line":254,"column":54}},"66":{"start":{"line":256,"column":4},"end":{"line":256,"column":16}},"67":{"start":{"line":261,"column":0},"end":{"line":308,"column":3}},"68":{"start":{"line":262,"column":2},"end":{"line":307,"column":3}},"69":{"start":{"line":263,"column":16},"end":{"line":263,"column":38}},"70":{"start":{"line":264,"column":17},"end":{"line":264,"column":46}},"71":{"start":{"line":265,"column":26},"end":{"line":265,"column":54}},"72":{"start":{"line":267,"column":23},"end":{"line":281,"column":5}},"73":{"start":{"line":272,"column":52},"end":{"line":279,"column":9}},"74":{"start":{"line":283,"column":4},"end":{"line":285,"column":5}},"75":{"start":{"line":284,"column":6},"end":{"line":284,"column":60}},"76":{"start":{"line":287,"column":28},"end":{"line":302,"column":6}},"77":{"start":{"line":304,"column":4},"end":{"line":304,"column":46}},"78":{"start":{"line":306,"column":4},"end":{"line":306,"column":16}},"79":{"start":{"line":311,"column":0},"end":{"line":341,"column":3}},"80":{"start":{"line":312,"column":2},"end":{"line":340,"column":3}},"81":{"start":{"line":313,"column":16},"end":{"line":313,"column":38}},"82":{"start":{"line":315,"column":21},"end":{"line":322,"column":6}},"83":{"start":{"line":324,"column":4},"end":{"line":326,"column":5}},"84":{"start":{"line":325,"column":6},"end":{"line":325,"column":52}},"85":{"start":{"line":328,"column":4},"end":{"line":332,"column":7}},"86":{"start":{"line":334,"column":4},"end":{"line":337,"column":7}},"87":{"start":{"line":339,"column":4},"end":{"line":339,"column":16}},"88":{"start":{"line":343,"column":0},"end":{"line":343,"column":24}}},"fnMap":{"0":{"name":"(anonymous_0)","decl":{"start":{"line":31,"column":12},"end":{"line":31,"column":13}},"loc":{"start":{"line":31,"column":31},"end":{"line":34,"column":3}},"line":31},"1":{"name":"(anonymous_1)","decl":{"start":{"line":39,"column":14},"end":{"line":39,"column":15}},"loc":{"start":{"line":39,"column":33},"end":{"line":45,"column":3}},"line":39},"2":{"name":"parseKeywords","decl":{"start":{"line":51,"column":9},"end":{"line":51,"column":22}},"loc":{"start":{"line":51,"column":33},"end":{"line":62,"column":1}},"line":51},"3":{"name":"(anonymous_3)","decl":{"start":{"line":57,"column":11},"end":{"line":57,"column":12}},"loc":{"start":{"line":57,"column":18},"end":{"line":57,"column":26}},"line":57},"4":{"name":"formatQuestion","decl":{"start":{"line":64,"column":9},"end":{"line":64,"column":23}},"loc":{"start":{"line":64,"column":34},"end":{"line":75,"column":1}},"line":64},"5":{"name":"(anonymous_5)","decl":{"start":{"line":67,"column":36},"end":{"line":67,"column":37}},"loc":{"start":{"line":67,"column":43},"end":{"line":67,"column":49}},"line":67},"6":{"name":"(anonymous_6)","decl":{"start":{"line":78,"column":16},"end":{"line":78,"column":21}},"loc":{"start":{"line":78,"column":42},"end":{"line":136,"column":1}},"line":78},"7":{"name":"(anonymous_7)","decl":{"start":{"line":139,"column":26},"end":{"line":139,"column":31}},"loc":{"start":{"line":139,"column":52},"end":{"line":178,"column":1}},"line":139},"8":{"name":"(anonymous_8)","decl":{"start":{"line":181,"column":20},"end":{"line":181,"column":25}},"loc":{"start":{"line":181,"column":46},"end":{"line":215,"column":1}},"line":181},"9":{"name":"(anonymous_9)","decl":{"start":{"line":218,"column":41},"end":{"line":218,"column":46}},"loc":{"start":{"line":218,"column":67},"end":{"line":258,"column":1}},"line":218},"10":{"name":"(anonymous_10)","decl":{"start":{"line":232,"column":45},"end":{"line":232,"column":46}},"loc":{"start":{"line":232,"column":54},"end":{"line":239,"column":11}},"line":232},"11":{"name":"(anonymous_11)","decl":{"start":{"line":261,"column":53},"end":{"line":261,"column":58}},"loc":{"start":{"line":261,"column":79},"end":{"line":308,"column":1}},"line":261},"12":{"name":"(anonymous_12)","decl":{"start":{"line":272,"column":43},"end":{"line":272,"column":44}},"loc":{"start":{"line":272,"column":52},"end":{"line":279,"column":9}},"line":272},"13":{"name":"(anonymous_13)","decl":{"start":{"line":311,"column":32},"end":{"line":311,"column":37}},"loc":{"start":{"line":311,"column":58},"end":{"line":341,"column":1}},"line":311}},"branchMap":{"0":{"loc":{"start":{"line":40,"column":4},"end":{"line":44,"column":5}},"type":"if","locations":[{"start":{"line":40,"column":4},"end":{"line":44,"column":5}},{"start":{"line":42,"column":11},"end":{"line":44,"column":5}}],"line":40},"1":{"loc":{"start":{"line":52,"column":2},"end":{"line":52,"column":47}},"type":"if","locations":[{"start":{"line":52,"column":2},"end":{"line":52,"column":47}},{"start":{},"end":{}}],"line":52},"2":{"loc":{"start":{"line":54,"column":2},"end":{"line":59,"column":3}},"type":"if","locations":[{"start":{"line":54,"column":2},"end":{"line":59,"column":3}},{"start":{},"end":{}}],"line":54},"3":{"loc":{"start":{"line":68,"column":14},"end":{"line":68,"column":41}},"type":"binary-expr","locations":[{"start":{"line":68,"column":14},"end":{"line":68,"column":33}},{"start":{"line":68,"column":37},"end":{"line":68,"column":41}}],"line":68},"4":{"loc":{"start":{"line":69,"column":18},"end":{"line":69,"column":48}},"type":"binary-expr","locations":[{"start":{"line":69,"column":18},"end":{"line":69,"column":43}},{"start":{"line":69,"column":47},"end":{"line":69,"column":48}}],"line":69},"5":{"loc":{"start":{"line":70,"column":12},"end":{"line":70,"column":68}},"type":"cond-expr","locations":[{"start":{"line":70,"column":32},"end":{"line":70,"column":60}},{"start":{"line":70,"column":63},"end":{"line":70,"column":68}}],"line":70},"6":{"loc":{"start":{"line":82,"column":29},"end":{"line":82,"column":58}},"type":"binary-expr","locations":[{"start":{"line":82,"column":29},"end":{"line":82,"column":53}},{"start":{"line":82,"column":57},"end":{"line":82,"column":58}}],"line":82},"7":{"loc":{"start":{"line":83,"column":44},"end":{"line":83,"column":74}},"type":"binary-expr","locations":[{"start":{"line":83,"column":44},"end":{"line":83,"column":69}},{"start":{"line":83,"column":73},"end":{"line":83,"column":74}}],"line":83},"8":{"loc":{"start":{"line":86,"column":18},"end":{"line":94,"column":10}},"type":"cond-expr","locations":[{"start":{"line":87,"column":8},"end":{"line":93,"column":9}},{"start":{"line":94,"column":8},"end":{"line":94,"column":10}}],"line":86},"9":{"loc":{"start":{"line":150,"column":4},"end":{"line":153,"column":5}},"type":"if","locations":[{"start":{"line":150,"column":4},"end":{"line":153,"column":5}},{"start":{},"end":{}}],"line":150},"10":{"loc":{"start":{"line":206,"column":4},"end":{"line":209,"column":5}},"type":"if","locations":[{"start":{"line":206,"column":4},"end":{"line":209,"column":5}},{"start":{},"end":{}}],"line":206},"11":{"loc":{"start":{"line":223,"column":21},"end":{"line":223,"column":70}},"type":"cond-expr","locations":[{"start":{"line":223,"column":32},"end":{"line":223,"column":63}},{"start":{"line":223,"column":66},"end":{"line":223,"column":70}}],"line":223},"12":{"loc":{"start":{"line":283,"column":4},"end":{"line":285,"column":5}},"type":"if","locations":[{"start":{"line":283,"column":4},"end":{"line":285,"column":5}},{"start":{},"end":{}}],"line":283},"13":{"loc":{"start":{"line":324,"column":4},"end":{"line":326,"column":5}},"type":"if","locations":[{"start":{"line":324,"column":4},"end":{"line":326,"column":5}},{"start":{},"end":{}}],"line":324}},"s":{"0":3,"1":3,"2":3,"3":3,"4":3,"5":3,"6":3,"7":3,"8":3,"9":3,"10":3,"11":3,"12":3,"13":0,"14":0,"15":3,"16":0,"17":0,"18":0,"19":7,"20":0,"21":7,"22":7,"23":14,"24":0,"25":11,"26":22,"27":3,"28":4,"29":4,"30":4,"31":4,"32":4,"33":4,"34":4,"35":4,"36":0,"37":3,"38":2,"39":2,"40":2,"41":2,"42":2,"43":0,"44":0,"45":2,"46":2,"47":2,"48":0,"49":3,"50":1,"51":1,"52":1,"53":1,"54":1,"55":1,"56":0,"57":1,"58":3,"59":8,"60":8,"61":8,"62":8,"63":8,"64":14,"65":7,"66":1,"67":3,"68":0,"69":0,"70":0,"71":0,"72":0,"73":0,"74":0,"75":0,"76":0,"77":0,"78":0,"79":3,"80":0,"81":0,"82":0,"83":0,"84":0,"85":0,"86":0,"87":0,"88":3},"f":{"0":0,"1":0,"2":7,"3":14,"4":11,"5":22,"6":4,"7":2,"8":1,"9":8,"10":14,"11":0,"12":0,"13":0},"b":{"0":[0,0],"1":[0,7],"2":[7,0],"3":[11,0],"4":[11,0],"5":[11,0],"6":[4,4],"7":[4,3],"8":[0,4],"9":[0,2],"10":[1,0],"11":[0,7],"12":[0,0],"13":[0,0]},"meta":{"lastBranch":14,"lastFunction":14,"lastStatement":89,"seen":{"s:1:21:1:50":0,"s:2:16:2:48":1,"s:4:16:4:34":2,"s:5:15:5:32":3,"s:6:13:6:28":4,"s:7:14:7:28":5,"s:9:15:9:31":6,"s:10:15:10:39":7,"s:15:4:15:28":8,"s:17:0:17:25":9,"s:19:22:23:2":10,"s:25:18:27:2":11,"s:29:16:35:2":12,"f:31:12:31:13":0,"s:32:16:32:47":13,"s:33:4:33:78":14,"s:37:15:49:2":15,"f:39:14:39:15":1,"b:40:4:44:5:42:11:44:5":0,"s:40:4:44:5":16,"s:41:6:41:21":17,"s:43:6:43:62":18,"f:51:9:51:22":2,"b:52:2:52:47:undefined:undefined:undefined:undefined":1,"s:52:2:52:47":19,"s:52:31:52:47":20,"b:54:2:59:3:undefined:undefined:undefined:undefined":2,"s:54:2:59:3":21,"s:55:4:58:23":22,"f:57:11:57:12":3,"s:57:18:57:26":23,"s:61:2:61:12":24,"f:64:9:64:23":4,"s:65:2:74:4":25,"f:67:36:67:37":5,"s:67:43:67:49":26,"b:68:14:68:33:68:37:68:41":3,"b:69:18:69:43:69:47:69:48":4,"b:70:32:70:60:70:63:70:68":5,"s:78:0:136:3":27,"f:78:16:78:21":6,"s:79:2:135:3":28,"s:80:24:80:33":29,"s:82:17:82:59":30,"b:82:29:82:53:82:57:82:58":6,"s:83:18:83:76":31,"b:83:44:83:69:83:73:83:74":7,"s:84:17:84:35":32,"s:86:18:94:10":33,"b:87:8:93:9:94:8:94:10":8,"s:96:31:124:6":34,"s:126:4:132:7":35,"s:134:4:134:16":36,"s:139:0:178:3":37,"f:139:26:139:31":7,"s:140:2:177:3":38,"s:141:16:141:38":39,"s:142:17:142:42":40,"s:144:21:148:6":41,"b:150:4:153:5:undefined:undefined:undefined:undefined":9,"s:150:4:153:5":42,"s:151:6:151:71":43,"s:152:6:152:52":44,"s:156:6:156:79":45,"s:158:20:166:6":46,"s:168:4:174:7":47,"s:176:4:176:16":48,"s:181:0:215:3":49,"f:181:20:181:25":8,"s:182:2:214:3":50,"s:183:16:183:38":51,"s:185:21:204:6":52,"b:206:4:209:5:undefined:undefined:undefined:undefined":10,"s:206:4:209:5":53,"s:207:6:207:73":54,"s:208:6:208:52":55,"s:211:4:211:39":56,"s:213:4:213:16":57,"s:218:0:258:3":58,"f:218:41:218:46":9,"s:219:2:257:3":59,"s:220:17:220:46":60,"s:221:26:221:54":61,"s:223:21:223:70":62,"b:223:32:223:63:223:66:223:70":11,"s:225:24:252:6":63,"f:232:45:232:46":10,"s:232:54:239:11":64,"s:254:4:254:54":65,"s:256:4:256:16":66,"s:261:0:308:3":67,"f:261:53:261:58":11,"s:262:2:307:3":68,"s:263:16:263:38":69,"s:264:17:264:46":70,"s:265:26:265:54":71,"s:267:23:281:5":72,"f:272:43:272:44":12,"s:272:52:279:9":73,"b:283:4:285:5:undefined:undefined:undefined:undefined":12,"s:283:4:285:5":74,"s:284:6:284:60":75,"s:287:28:302:6":76,"s:304:4:304:46":77,"s:306:4:306:16":78,"s:311:0:341:3":79,"f:311:32:311:37":13,"s:312:2:340:3":80,"s:313:16:313:38":81,"s:315:21:322:6":82,"b:324:4:326:5:undefined:undefined:undefined:undefined":13,"s:324:4:326:5":83,"s:325:6:325:52":84,"s:328:4:332:7":85,"s:334:4:337:7":86,"s:339:4:339:16":87,"s:343:0:343:24":88}}}
,"C:\\Users\\haide\\Downloads\\wohi2-course-project-main\\wohi2-course-project\\tests\\helpers.js": {"path":"C:\\Users\\haide\\Downloads\\wohi2-course-project-main\\wohi2-course-project\\tests\\helpers.js","statementMap":{"0":{"start":{"line":1,"column":0},"end":{"line":1,"column":27}},"1":{"start":{"line":3,"column":16},"end":{"line":3,"column":36}},"2":{"start":{"line":5,"column":12},"end":{"line":5,"column":33}},"3":{"start":{"line":6,"column":15},"end":{"line":6,"column":43}},"4":{"start":{"line":9,"column":2},"end":{"line":9,"column":36}},"5":{"start":{"line":10,"column":2},"end":{"line":10,"column":37}},"6":{"start":{"line":11,"column":2},"end":{"line":11,"column":36}},"7":{"start":{"line":12,"column":2},"end":{"line":12,"column":33}},"8":{"start":{"line":19,"column":2},"end":{"line":25,"column":7}},"9":{"start":{"line":27,"column":14},"end":{"line":32,"column":6}},"10":{"start":{"line":34,"column":2},"end":{"line":34,"column":24}},"11":{"start":{"line":38,"column":14},"end":{"line":46,"column":6}},"12":{"start":{"line":48,"column":2},"end":{"line":48,"column":18}},"13":{"start":{"line":51,"column":0},"end":{"line":58,"column":null}}},"fnMap":{"0":{"name":"resetDb","decl":{"start":{"line":8,"column":15},"end":{"line":8,"column":22}},"loc":{"start":{"line":8,"column":25},"end":{"line":13,"column":1}},"line":8},"1":{"name":"registerAndLogin","decl":{"start":{"line":15,"column":15},"end":{"line":15,"column":31}},"loc":{"start":{"line":18,"column":2},"end":{"line":35,"column":1}},"line":18},"2":{"name":"createQuestion","decl":{"start":{"line":37,"column":15},"end":{"line":37,"column":29}},"loc":{"start":{"line":37,"column":53},"end":{"line":49,"column":1}},"line":37}},"branchMap":{"0":{"loc":{"start":{"line":16,"column":2},"end":{"line":16,"column":21}},"type":"default-arg","locations":[{"start":{"line":16,"column":10},"end":{"line":16,"column":21}}],"line":16},"1":{"loc":{"start":{"line":17,"column":2},"end":{"line":17,"column":12}},"type":"default-arg","locations":[{"start":{"line":17,"column":9},"end":{"line":17,"column":12}}],"line":17},"2":{"loc":{"start":{"line":37,"column":37},"end":{"line":37,"column":51}},"type":"default-arg","locations":[{"start":{"line":37,"column":49},"end":{"line":37,"column":51}}],"line":37}},"s":{"0":3,"1":3,"2":3,"3":3,"4":16,"5":16,"6":16,"7":16,"8":9,"9":9,"10":9,"11":6,"12":6,"13":3},"f":{"0":16,"1":9,"2":6},"b":{"0":[9],"1":[9],"2":[6]},"meta":{"lastBranch":3,"lastFunction":3,"lastStatement":14,"seen":{"s:1:0:1:27":0,"s:3:16:3:36":1,"s:5:12:5:33":2,"s:6:15:6:43":3,"f:8:15:8:22":0,"s:9:2:9:36":4,"s:10:2:10:37":5,"s:11:2:11:36":6,"s:12:2:12:33":7,"f:15:15:15:31":1,"b:16:10:16:21":0,"b:17:9:17:12":1,"s:19:2:25:7":8,"s:27:14:32:6":9,"s:34:2:34:24":10,"f:37:15:37:29":2,"b:37:49:37:51":2,"s:38:14:46:6":11,"s:48:2:48:18":12,"s:51:0:58:Infinity":13}}}
}
